c:\users\lx\desktop\毕业设计论文\project\project\x64\debug\loginview.obj
c:\users\lx\desktop\毕业设计论文\project\project\x64\debug\registernewuserview.obj
c:\users\lx\desktop\毕业设计论文\project\project\x64\debug\imagesettingview.obj
c:\users\lx\desktop\毕业设计论文\project\project\x64\debug\algorithm.obj
c:\users\lx\desktop\毕业设计论文\project\project\x64\debug\database.obj
c:\users\lx\desktop\毕业设计论文\project\project\x64\debug\qlistwidgetcamerasitem.obj
c:\users\lx\desktop\毕业设计论文\project\project\x64\debug\launcherview.obj
c:\users\lx\desktop\毕业设计论文\project\project\x64\debug\controller.obj
c:\users\lx\desktop\毕业设计论文\project\project\x64\debug\qlistwidgeterroritem.obj
c:\users\lx\desktop\毕业设计论文\project\project\x64\debug\usercache.obj
c:\users\lx\desktop\毕业设计论文\project\project\x64\debug\myview.obj
c:\users\lx\desktop\毕业设计论文\project\project\x64\debug\camera.obj
c:\users\lx\desktop\毕业设计论文\project\project\x64\debug\qlabelwithmouseevent.obj
c:\users\lx\desktop\毕业设计论文\project\project\x64\debug\main.obj
c:\users\lx\desktop\毕业设计论文\project\project\x64\debug\vc140.pdb
c:\users\lx\desktop\毕业设计论文\project\project\x64\debug\moc_myview.obj
c:\users\lx\desktop\毕业设计论文\project\project\x64\debug\moc_qlabelwithmouseevent.obj
c:\users\lx\desktop\毕业设计论文\project\project\x64\debug\moc_launcherview.obj
c:\users\lx\desktop\毕业设计论文\project\project\x64\debug\moc_qlistwidgeterroritem.obj
c:\users\lx\desktop\毕业设计论文\project\project\x64\debug\moc_registernewuserview.obj
c:\users\lx\desktop\毕业设计论文\project\project\x64\debug\moc_qlistwidgetcamerasitem.obj
c:\users\lx\desktop\毕业设计论文\project\project\x64\debug\moc_loginview.obj
c:\users\lx\desktop\毕业设计论文\project\project\x64\debug\moc_imagesettingview.obj
c:\users\lx\desktop\毕业设计论文\project\project\x64\debug\log.obj
c:\users\lx\desktop\毕业设计论文\project\x64\debug\project.ilk
c:\users\lx\desktop\毕业设计论文\project\x64\debug\project.exe
c:\users\lx\desktop\毕业设计论文\project\x64\debug\project.pdb
c:\users\lx\desktop\毕业设计论文\project\project\x64\debug\moc\moc_launcherview.cpp
c:\users\lx\desktop\毕业设计论文\project\project\x64\debug\moc\moc_loginview.cpp
c:\users\lx\desktop\毕业设计论文\project\project\x64\debug\moc\moc_registernewuserview.cpp
c:\users\lx\desktop\毕业设计论文\project\project\x64\debug\moc\moc_myview.cpp
c:\users\lx\desktop\毕业设计论文\project\project\x64\debug\moc\moc_imagesettingview.cpp
c:\users\lx\desktop\毕业设计论文\project\project\x64\debug\moc\moc_qlistwidgetcamerasitem.cpp
c:\users\lx\desktop\毕业设计论文\project\project\x64\debug\moc\moc_qlistwidgeterroritem.cpp
c:\users\lx\desktop\毕业设计论文\project\project\x64\debug\moc\moc_qlabelwithmouseevent.cpp
c:\users\lx\desktop\毕业设计论文\project\project\x64\debug\uic\ui_imagesettingview.h
c:\users\lx\desktop\毕业设计论文\project\project\x64\debug\uic\ui_launcherview.h
c:\users\lx\desktop\毕业设计论文\project\project\x64\debug\uic\ui_loginview.h
c:\users\lx\desktop\毕业设计论文\project\project\x64\debug\uic\ui_myview.h
c:\users\lx\desktop\毕业设计论文\project\project\x64\debug\uic\ui_registernewuserview.h
c:\users\lx\desktop\毕业设计论文\project\project\x64\debug\project.tlog\cl.command.1.tlog
c:\users\lx\desktop\毕业设计论文\project\project\x64\debug\project.tlog\cl.read.1.tlog
c:\users\lx\desktop\毕业设计论文\project\project\x64\debug\project.tlog\cl.write.1.tlog
c:\users\lx\desktop\毕业设计论文\project\project\x64\debug\project.tlog\link.command.1.tlog
c:\users\lx\desktop\毕业设计论文\project\project\x64\debug\project.tlog\link.read.1.tlog
c:\users\lx\desktop\毕业设计论文\project\project\x64\debug\project.tlog\link.write.1.tlog
c:\users\lx\desktop\毕业设计论文\project\project\x64\debug\project.tlog\moc.read.1u.tlog
c:\users\lx\desktop\毕业设计论文\project\project\x64\debug\project.tlog\moc.write.1u.tlog
c:\users\lx\desktop\毕业设计论文\project\project\x64\debug\project.tlog\project.write.1u.tlog
c:\users\lx\desktop\毕业设计论文\project\project\x64\debug\project.tlog\uic.read.1u.tlog
c:\users\lx\desktop\毕业设计论文\project\project\x64\debug\project.tlog\uic.write.1u.tlog
